C:\Users\Darek\Documents\Visual Studio 2010\Projects\lambda\Debug\lambda.pdb
C:\USERS\DAREK\DOCUMENTS\VISUAL STUDIO 2010\PROJECTS\LAMBDA\LAMBDA\DEBUG\AGILEMANAGER.OBJ
C:\Users\Darek\Documents\Visual Studio 2010\Projects\lambda\lambda\Debug\cl.command.1.tlog
C:\Users\Darek\Documents\Visual Studio 2010\Projects\lambda\lambda\Debug\CL.read.1.tlog
C:\Users\Darek\Documents\Visual Studio 2010\Projects\lambda\lambda\Debug\CL.write.1.tlog
C:\USERS\DAREK\DOCUMENTS\VISUAL STUDIO 2010\PROJECTS\LAMBDA\LAMBDA\DEBUG\ITEM.OBJ
C:\USERS\DAREK\DOCUMENTS\VISUAL STUDIO 2010\PROJECTS\LAMBDA\LAMBDA\DEBUG\ITEMFACTORY.OBJ
C:\USERS\DAREK\DOCUMENTS\VISUAL STUDIO 2010\PROJECTS\LAMBDA\LAMBDA\DEBUG\JSONREADER.OBJ
C:\Users\Darek\Documents\Visual Studio 2010\Projects\lambda\lambda\Debug\lambda.exe.intermediate.manifest
C:\USERS\DAREK\DOCUMENTS\VISUAL STUDIO 2010\PROJECTS\LAMBDA\LAMBDA\DEBUG\LAMBDA.OBJ
C:\Users\Darek\Documents\Visual Studio 2010\Projects\lambda\lambda\Debug\lambda.vcxprojResolveAssemblyReference.cache
C:\Users\Darek\Documents\Visual Studio 2010\Projects\lambda\lambda\Debug\lambda.write.1.tlog
C:\Users\Darek\Documents\Visual Studio 2010\Projects\lambda\lambda\Debug\link.command.1.tlog
C:\Users\Darek\Documents\Visual Studio 2010\Projects\lambda\lambda\Debug\link.read.1.tlog
C:\Users\Darek\Documents\Visual Studio 2010\Projects\lambda\lambda\Debug\link.write.1.tlog
C:\USERS\DAREK\DOCUMENTS\VISUAL STUDIO 2010\PROJECTS\LAMBDA\LAMBDA\DEBUG\METHOD.OBJ
C:\USERS\DAREK\DOCUMENTS\VISUAL STUDIO 2010\PROJECTS\LAMBDA\LAMBDA\DEBUG\METHODFACTORY.OBJ
C:\USERS\DAREK\DOCUMENTS\VISUAL STUDIO 2010\PROJECTS\LAMBDA\LAMBDA\DEBUG\PYTHONADAPTER.OBJ
C:\Users\Darek\Documents\Visual Studio 2010\Projects\lambda\lambda\Debug\vc100.idb
C:\USERS\DAREK\DOCUMENTS\VISUAL STUDIO 2010\PROJECTS\LAMBDA\LAMBDA\DEBUG\VC100.PDB
