Build started 2013-06-01 21:09:58.
     1>Project "C:\Users\Darek\Documents\Visual Studio 2010\Projects\lambda\lambda\lambda.vcxproj" on node 2 (build target(s)).
     1>InitializeBuildStatus:
         Creating "Debug\pmapp.unsuccessfulbuild" because "AlwaysCreate" was specified.
       ClCompile:
         C:\Program Files (x86)\Microsoft Visual Studio 10.0\VC\bin\CL.exe /c /I"C:\Users\Darek\Documents\Visual Studio 2010\Projects\json-cpp-master\include\json" /IC:\Python27\DLLs /IC:\Python27\include /IC:\Python27\Lib /IC:\Python27\libs /IC:\boost_1_47_0\boost_1_47_0 /IC:\boost_1_47_0\boost_1_47_0\libs /IC:\boost_1_47_0\boost_1_47_0\lib /ZI /nologo /W3 /WX- /Od /Oy- /D _MBCS /Gm /EHsc /RTC1 /MDd /GS /fp:precise /Zc:wchar_t /Zc:forScope /Fo"Debug\\" /Fd"Debug\vc100.pdb" /Gd /TP /analyze- /errorReport:prompt FrontEnd.cpp ScriptManager.cpp pmapp.cpp
         ScriptManager.cpp
         Generating Code...
         Compiling...
         FrontEnd.cpp
         Generating Code...
         Skipping... (no relevant changes detected)
         pmapp.cpp
       Link:
         C:\Program Files (x86)\Microsoft Visual Studio 10.0\VC\bin\link.exe /ERRORREPORT:PROMPT /OUT:"C:\Users\Darek\Documents\Visual Studio 2010\Projects\lambda\Debug\pmapp.exe" /NOLOGO /LIBPATH:C:\Python27\DLLs /LIBPATH:C:\Python27\Lib /LIBPATH:C:\Python27\libs /LIBPATH:C:\boost_1_47_0\boost_1_47_0 /LIBPATH:C:\boost_1_47_0\boost_1_47_0\libs /LIBPATH:C:\boost_1_47_0\boost_1_47_0\lib kernel32.lib user32.lib gdi32.lib winspool.lib comdlg32.lib advapi32.lib shell32.lib ole32.lib oleaut32.lib uuid.lib odbc32.lib odbccp32.lib /MANIFEST /ManifestFile:"Debug\pmapp.exe.intermediate.manifest" /MANIFESTUAC:"level='asInvoker' uiAccess='false'" /DEBUG /PDB:"C:\Users\Darek\Documents\Visual Studio 2010\Projects\lambda\Debug\pmapp.pdb" /TLBID:1 /DYNAMICBASE /NXCOMPAT /IMPLIB:"C:\Users\Darek\Documents\Visual Studio 2010\Projects\lambda\Debug\pmapp.lib" /MACHINE:X86 Debug\RemoteAppManager.obj
         Debug\FrontEnd.obj
         Debug\Item.obj
         Debug\ItemFactory.obj
         Debug\JSONReader.obj
         Debug\pmapp.obj
         Debug\PythonAdapter.obj
         Debug\ScriptManager.obj
         "C:\Users\Darek\Documents\Visual Studio 2010\Projects\json-cpp-master\build\vs71\debug\lib_json\json_vc71_libmtd.lib"
         LINK : C:\Users\Darek\Documents\Visual Studio 2010\Projects\lambda\Debug\pmapp.exe not found or not built by the last incremental link; performing full link
         lambda.vcxproj -> C:\Users\Darek\Documents\Visual Studio 2010\Projects\lambda\Debug\pmapp.exe
       Manifest:
         C:\Program Files (x86)\Microsoft SDKs\Windows\v7.0A\bin\mt.exe /nologo /verbose /outputresource:"C:\Users\Darek\Documents\Visual Studio 2010\Projects\lambda\Debug\pmapp.exe;#1" /manifest Debug\pmapp.exe.intermediate.manifest
       FinalizeBuildStatus:
         Deleting file "Debug\pmapp.unsuccessfulbuild".
         Touching "Debug\pmapp.lastbuildstate".
     1>Done Building Project "C:\Users\Darek\Documents\Visual Studio 2010\Projects\lambda\lambda\lambda.vcxproj" (build target(s)).

Build succeeded.

Time Elapsed 00:00:07.22
