C:\USERS\DAREK\DOCUMENTS\VISUAL STUDIO 2010\PROJECTS\LAMBDA\DEBUG\PMAPP.EXE
C:\Users\Darek\Documents\Visual Studio 2010\Projects\lambda\Debug\pmapp.exp
C:\USERS\DAREK\DOCUMENTS\VISUAL STUDIO 2010\PROJECTS\LAMBDA\DEBUG\PMAPP.ILK
C:\Users\Darek\Documents\Visual Studio 2010\Projects\lambda\Debug\pmapp.lib
C:\USERS\DAREK\DOCUMENTS\VISUAL STUDIO 2010\PROJECTS\LAMBDA\DEBUG\PMAPP.PDB
C:\Users\Darek\Documents\Visual Studio 2010\Projects\lambda\lambda\Debug\cl.command.1.tlog
C:\Users\Darek\Documents\Visual Studio 2010\Projects\lambda\lambda\Debug\CL.read.1.tlog
C:\Users\Darek\Documents\Visual Studio 2010\Projects\lambda\lambda\Debug\CL.write.1.tlog
C:\USERS\DAREK\DOCUMENTS\VISUAL STUDIO 2010\PROJECTS\LAMBDA\LAMBDA\DEBUG\FRONTEND.OBJ
C:\USERS\DAREK\DOCUMENTS\VISUAL STUDIO 2010\PROJECTS\LAMBDA\LAMBDA\DEBUG\ITEM.OBJ
C:\USERS\DAREK\DOCUMENTS\VISUAL STUDIO 2010\PROJECTS\LAMBDA\LAMBDA\DEBUG\ITEMFACTORY.OBJ
C:\USERS\DAREK\DOCUMENTS\VISUAL STUDIO 2010\PROJECTS\LAMBDA\LAMBDA\DEBUG\JSONREADER.OBJ
C:\Users\Darek\Documents\Visual Studio 2010\Projects\lambda\lambda\Debug\lambda.vcxprojResolveAssemblyReference.cache
C:\Users\Darek\Documents\Visual Studio 2010\Projects\lambda\lambda\Debug\lib.command.1.tlog
C:\Users\Darek\Documents\Visual Studio 2010\Projects\lambda\lambda\Debug\Lib-link.read.1.tlog
C:\Users\Darek\Documents\Visual Studio 2010\Projects\lambda\lambda\Debug\Lib-link.write.1.tlog
C:\Users\Darek\Documents\Visual Studio 2010\Projects\lambda\lambda\Debug\link.10144.read.1.tlog
C:\Users\Darek\Documents\Visual Studio 2010\Projects\lambda\lambda\Debug\link.10144.write.1.tlog
C:\Users\Darek\Documents\Visual Studio 2010\Projects\lambda\lambda\Debug\link.10220.read.1.tlog
C:\Users\Darek\Documents\Visual Studio 2010\Projects\lambda\lambda\Debug\link.10220.write.1.tlog
C:\Users\Darek\Documents\Visual Studio 2010\Projects\lambda\lambda\Debug\link.command.1.tlog
C:\Users\Darek\Documents\Visual Studio 2010\Projects\lambda\lambda\Debug\link.read.1.tlog
C:\Users\Darek\Documents\Visual Studio 2010\Projects\lambda\lambda\Debug\link.write.1.tlog
C:\USERS\DAREK\DOCUMENTS\VISUAL STUDIO 2010\PROJECTS\LAMBDA\LAMBDA\DEBUG\METHOD.OBJ
C:\USERS\DAREK\DOCUMENTS\VISUAL STUDIO 2010\PROJECTS\LAMBDA\LAMBDA\DEBUG\METHODFACTORY.OBJ
C:\Users\Darek\Documents\Visual Studio 2010\Projects\lambda\lambda\Debug\mt.command.1.tlog
C:\Users\Darek\Documents\Visual Studio 2010\Projects\lambda\lambda\Debug\mt.read.1.tlog
C:\Users\Darek\Documents\Visual Studio 2010\Projects\lambda\lambda\Debug\mt.write.1.tlog
C:\USERS\DAREK\DOCUMENTS\VISUAL STUDIO 2010\PROJECTS\LAMBDA\LAMBDA\DEBUG\PMAPP.EXE.INTERMEDIATE.MANIFEST
C:\USERS\DAREK\DOCUMENTS\VISUAL STUDIO 2010\PROJECTS\LAMBDA\LAMBDA\DEBUG\PMAPP.OBJ
C:\Users\Darek\Documents\Visual Studio 2010\Projects\lambda\lambda\Debug\pmapp.write.1.tlog
C:\USERS\DAREK\DOCUMENTS\VISUAL STUDIO 2010\PROJECTS\LAMBDA\LAMBDA\DEBUG\PYTHONADAPTER.OBJ
C:\USERS\DAREK\DOCUMENTS\VISUAL STUDIO 2010\PROJECTS\LAMBDA\LAMBDA\DEBUG\REMOTEAPPMANAGER.OBJ
C:\USERS\DAREK\DOCUMENTS\VISUAL STUDIO 2010\PROJECTS\LAMBDA\LAMBDA\DEBUG\SCRIPTMANAGER.OBJ
C:\Users\Darek\Documents\Visual Studio 2010\Projects\lambda\lambda\Debug\vc100.idb
C:\USERS\DAREK\DOCUMENTS\VISUAL STUDIO 2010\PROJECTS\LAMBDA\LAMBDA\DEBUG\VC100.PDB
